<?xml version="1.0" encoding="UTF-8"?>
<testng-results ignored="0" total="1" passed="1" failed="0" skipped="0">
  <reporter-output>
    <line>
      <![CDATA[Opening the Browser : chrome]]>
    </line>
    <line>
      <![CDATA[Maximizing the browser]]>
    </line>
    <line>
      <![CDATA[Open the url :http://google.comin the Browser :chrome]]>
    </line>
    <line>
      <![CDATA[Setting the implicit wait as: 10]]>
    </line>
    <line>
      <![CDATA[Setting the Explicit wait as: 10]]>
    </line>
    <line>
      <![CDATA[Url page Title is : Google]]>
    </line>
    <line>
      <![CDATA[Lalit]]>
    </line>
    <line>
      <![CDATA[Closing the Browser]]>
    </line>
  </reporter-output>
  <suite started-at="2023-02-23T16:21:10 IST" name="Suite" finished-at="2023-02-23T16:21:24 IST" duration-ms="13909">
    <groups>
    </groups>
    <test started-at="2023-02-23T16:21:10 IST" name="Test" finished-at="2023-02-23T16:21:24 IST" duration-ms="13909">
      <class name="scripts.TestCase1">
        <test-method is-config="true" signature="opeApp(java.lang.String,java.lang.String,java.lang.String)[pri:0, instance:scripts.TestCase1@771a660]" started-at="2023-02-23T16:21:10 IST" name="opeApp" finished-at="2023-02-23T16:21:22 IST" duration-ms="11920" status="PASS">
          <params>
            <param index="0">
              <value>
                <![CDATA[chrome]]>
              </value>
            </param>
            <param index="1">
              <value>
                <![CDATA[http://google.com]]>
              </value>
            </param>
            <param index="2">
              <value>
                <![CDATA[10]]>
              </value>
            </param>
          </params>
          <reporter-output>
            <line>
              <![CDATA[Opening the Browser : chrome]]>
            </line>
            <line>
              <![CDATA[Maximizing the browser]]>
            </line>
            <line>
              <![CDATA[Open the url :http://google.comin the Browser :chrome]]>
            </line>
            <line>
              <![CDATA[Setting the implicit wait as: 10]]>
            </line>
            <line>
              <![CDATA[Setting the Explicit wait as: 10]]>
            </line>
          </reporter-output>
        </test-method> <!-- opeApp -->
        <test-method signature="testA()[pri:0, instance:scripts.TestCase1@771a660]" started-at="2023-02-23T16:21:22 IST" name="testA" finished-at="2023-02-23T16:21:23 IST" duration-ms="1563" status="PASS">
          <reporter-output>
            <line>
              <![CDATA[Url page Title is : Google]]>
            </line>
            <line>
              <![CDATA[Lalit]]>
            </line>
          </reporter-output>
        </test-method> <!-- testA -->
        <test-method is-config="true" signature="closeApp()[pri:0, instance:scripts.TestCase1@771a660]" started-at="2023-02-23T16:21:23 IST" name="closeApp" finished-at="2023-02-23T16:21:24 IST" duration-ms="333" status="PASS">
          <reporter-output>
            <line>
              <![CDATA[Closing the Browser]]>
            </line>
          </reporter-output>
        </test-method> <!-- closeApp -->
      </class> <!-- scripts.TestCase1 -->
    </test> <!-- Test -->
  </suite> <!-- Suite -->
</testng-results>
